<?xml version="1.0" encoding="UTF-8"?>
<!-- Generated by org.testng.reporters.JUnitReportReporter -->
<testsuite skipped="0" hostname="Aleems-MacBook-Pro.local" name="auto.testcases.TestChallengingDomPage" tests="4" failures="0" timestamp="2022-11-22T13:01:31 PKT" time="63.674" errors="0">
  <testcase name="testListOfButtons" time="16.595" classname="auto.testcases.TestChallengingDomPage"/>
  <testcase name="testChallengingPageViaJava8" time="12.450" classname="auto.testcases.TestChallengingDomPage"/>
  <testcase name="testCellText" time="14.875" classname="auto.testcases.TestChallengingDomPage"/>
  <testcase name="testChallengingPage" time="19.754" classname="auto.testcases.TestChallengingDomPage"/>
</testsuite> <!-- auto.testcases.TestChallengingDomPage -->
